[debug] [2026-02-15T03:52:11.757Z] ----------------------------------------------------------------------
[debug] [2026-02-15T03:52:11.761Z] Command:       C:\Program Files\nodejs\node.exe C:\Users\Pichau\AppData\Roaming\npm\node_modules\firebase-tools\lib\bin\firebase.js deploy
[debug] [2026-02-15T03:52:11.761Z] CLI Version:   15.5.1
[debug] [2026-02-15T03:52:11.761Z] Platform:      win32
[debug] [2026-02-15T03:52:11.761Z] Node Version:  v24.12.0
[debug] [2026-02-15T03:52:11.761Z] Time:          Sun Feb 15 2026 00:52:11 GMT-0300 (Horário Padrão de Brasília)
[debug] [2026-02-15T03:52:11.761Z] ----------------------------------------------------------------------
[debug] 
[debug] [2026-02-15T03:52:14.576Z] > command requires scopes: ["email","openid","https://www.googleapis.com/auth/cloudplatformprojects.readonly","https://www.googleapis.com/auth/firebase","https://www.googleapis.com/auth/cloud-platform"]
[debug] [2026-02-15T03:52:14.576Z] > authorizing via signed-in user (clarielton.empreendimentos@outlook.com)
[debug] [2026-02-15T03:52:14.576Z] [iam] checking project refined-center-413215 for permissions ["firebase.projects.get","firebasehosting.sites.update"]
[debug] [2026-02-15T03:52:14.577Z] Checked if tokens are valid: false, expires at: 1771128080099
[debug] [2026-02-15T03:52:14.577Z] Checked if tokens are valid: false, expires at: 1771128080099
[debug] [2026-02-15T03:52:14.578Z] > refreshing access token with scopes: []
[debug] [2026-02-15T03:52:14.579Z] >>> [apiv2][query] POST https://www.googleapis.com/oauth2/v3/token [none]
[debug] [2026-02-15T03:52:14.579Z] >>> [apiv2][body] POST https://www.googleapis.com/oauth2/v3/token [omitted]
[debug] [2026-02-15T03:52:14.781Z] <<< [apiv2][status] POST https://www.googleapis.com/oauth2/v3/token 200
[debug] [2026-02-15T03:52:14.781Z] <<< [apiv2][body] POST https://www.googleapis.com/oauth2/v3/token [omitted]
[debug] [2026-02-15T03:52:14.789Z] >>> [apiv2][query] POST https://cloudresourcemanager.googleapis.com/v1/projects/refined-center-413215:testIamPermissions [none]
[debug] [2026-02-15T03:52:14.789Z] >>> [apiv2][(partial)header] POST https://cloudresourcemanager.googleapis.com/v1/projects/refined-center-413215:testIamPermissions  x-goog-user-project=refined-center-413215
[debug] [2026-02-15T03:52:14.790Z] >>> [apiv2][body] POST https://cloudresourcemanager.googleapis.com/v1/projects/refined-center-413215:testIamPermissions {"permissions":["firebase.projects.get","firebasehosting.sites.update"]}
[debug] [2026-02-15T03:52:15.692Z] <<< [apiv2][status] POST https://cloudresourcemanager.googleapis.com/v1/projects/refined-center-413215:testIamPermissions 403
[debug] [2026-02-15T03:52:15.692Z] <<< [apiv2][body] POST https://cloudresourcemanager.googleapis.com/v1/projects/refined-center-413215:testIamPermissions {"error":{"code":403,"message":"Caller does not have required permission to use project refined-center-413215. Grant the caller the roles/serviceusage.serviceUsageConsumer role, or a custom role with the serviceusage.services.use permission, by visiting https://console.developers.google.com/iam-admin/iam/project?project=refined-center-413215 and then retry. Propagation of the new permission may take a few minutes.","status":"PERMISSION_DENIED","details":[{"@type":"type.googleapis.com/google.rpc.ErrorInfo","reason":"USER_PROJECT_DENIED","domain":"googleapis.com","metadata":{"service":"cloudresourcemanager.googleapis.com","consumer":"projects/refined-center-413215","consoleUrl":"https://console.developers.google.com/iam-admin/iam/project?project=refined-center-413215","containerInfo":"refined-center-413215"}},{"@type":"type.googleapis.com/google.rpc.LocalizedMessage","locale":"en-US","message":"Caller does not have required permission to use project refined-center-413215. Grant the caller the roles/serviceusage.serviceUsageConsumer role, or a custom role with the serviceusage.services.use permission, by visiting https://console.developers.google.com/iam-admin/iam/project?project=refined-center-413215 and then retry. Propagation of the new permission may take a few minutes."},{"@type":"type.googleapis.com/google.rpc.Help","links":[{"description":"Google developer console IAM admin","url":"https://console.developers.google.com/iam-admin/iam/project?project=refined-center-413215"}]}]}}
[debug] [2026-02-15T03:52:15.693Z] [iam] error while checking permissions, command may fail: Request to https://cloudresourcemanager.googleapis.com/v1/projects/refined-center-413215:testIamPermissions had HTTP Error: 403, Caller does not have required permission to use project refined-center-413215. Grant the caller the roles/serviceusage.serviceUsageConsumer role, or a custom role with the serviceusage.services.use permission, by visiting https://console.developers.google.com/iam-admin/iam/project?project=refined-center-413215 and then retry. Propagation of the new permission may take a few minutes.
[debug] [2026-02-15T03:52:15.693Z] Checked if tokens are valid: true, expires at: 1771131133781
[debug] [2026-02-15T03:52:15.693Z] Checked if tokens are valid: true, expires at: 1771131133781
[debug] [2026-02-15T03:52:15.694Z] >>> [apiv2][query] GET https://firebase.googleapis.com/v1beta1/projects/refined-center-413215 [none]
[debug] [2026-02-15T03:52:16.111Z] <<< [apiv2][status] GET https://firebase.googleapis.com/v1beta1/projects/refined-center-413215 403
[debug] [2026-02-15T03:52:16.111Z] <<< [apiv2][body] GET https://firebase.googleapis.com/v1beta1/projects/refined-center-413215 {"error":{"code":403,"message":"The caller does not have permission","status":"PERMISSION_DENIED"}}
[debug] [2026-02-15T03:52:16.112Z] Request to https://firebase.googleapis.com/v1beta1/projects/refined-center-413215 had HTTP Error: 403, The caller does not have permission
[debug] [2026-02-15T03:52:16.268Z] FirebaseError: Request to https://firebase.googleapis.com/v1beta1/projects/refined-center-413215 had HTTP Error: 403, The caller does not have permission
    at responseToError (C:\Users\Pichau\AppData\Roaming\npm\node_modules\firebase-tools\lib\responseToError.js:53:12)
    at RetryOperation._fn (C:\Users\Pichau\AppData\Roaming\npm\node_modules\firebase-tools\lib\apiv2.js:330:77)
    at process.processTicksAndRejections (node:internal/process/task_queues:103:5)
[error] 
[error] Error: Failed to get Firebase project refined-center-413215. Please make sure the project exists and your account has permission to access it.
